<?xml version="1.0" encoding="utf-8"?><testsuite errors="0" failures="0" name="pytest" skips="0" tests="2" time="8.143"><testcase classname="docs.check_sphinx" file="docs/check_sphinx.py" line="7" name="test_linkcheck" time="4.831423044204712"><system-out>Running Sphinx v1.6.4
making output directory...
loading pickled environment... not yet created
building [mo]: targets for 0 po files that are out of date
building [linkcheck]: targets for 13 source files that are out of date
updating environment: 13 added, 0 changed, 0 removed
reading sources... [  7%] authors
reading sources... [ 15%] contributing
reading sources... [ 23%] history
reading sources... [ 30%] index
reading sources... [ 38%] installation
reading sources... [ 46%] ivy
reading sources... [ 53%] ivy.cli
reading sources... [ 61%] ivy.config
reading sources... [ 69%] ivy.exceptions
reading sources... [ 76%] ivy.plugin
reading sources... [ 84%] ivy.utils
reading sources... [ 92%] modules
reading sources... [100%] usage

looking for now-outdated files... none found
pickling environment... done
checking consistency... done
preparing documents... done
writing output... [  7%] authors

writing output... [ 15%] contributing

writing output... [ 23%] history

writing output... [ 30%] index

(line    3) redirect  https://coveralls.io/r/cosmo-ethz/CosmoHammer - permanently to https://coveralls.io/github/cosmo-ethz/CosmoHammer
(line    3) ok        https://travis-ci.org/cosmo-ethz/CosmoHammer
writing output... [ 38%] installation

writing output... [ 46%] ivy

writing output... [ 53%] ivy.cli

writing output... [ 61%] ivy.config

writing output... [ 69%] ivy.exceptions

writing output... [ 76%] ivy.plugin

writing output... [ 84%] ivy.utils

(line    1) redirect  http://stackoverflow.com/questions/36932/whats-the-best-way-to-implement-an-enum-in-python/2182437#2182437 - permanently to https://stackoverflow.com/questions/36932/how-can-i-represent-an-enum-in-python/2182437#2182437#2182437
writing output... [ 92%] modules

writing output... [100%] usage


build succeeded, 1 warning.
</system-out><system-err>/Users/uweschmitt/Projects/ivy/docs/modules.rst: WARNING: document isn&apos;t included in any toctree
</system-err></testcase><testcase classname="docs.check_sphinx" file="docs/check_sphinx.py" line="14" name="test_build_docs" time="3.2790768146514893"><system-out>Running Sphinx v1.6.4
making output directory...
loading pickled environment... not yet created
building [mo]: targets for 0 po files that are out of date
building [html]: targets for 13 source files that are out of date
updating environment: 13 added, 0 changed, 0 removed
reading sources... [  7%] authors
reading sources... [ 15%] contributing
reading sources... [ 23%] history
reading sources... [ 30%] index
reading sources... [ 38%] installation
reading sources... [ 46%] ivy
reading sources... [ 53%] ivy.cli
reading sources... [ 61%] ivy.config
reading sources... [ 69%] ivy.exceptions
reading sources... [ 76%] ivy.plugin
reading sources... [ 84%] ivy.utils
reading sources... [ 92%] modules
reading sources... [100%] usage

looking for now-outdated files... none found
pickling environment... done
checking consistency... done
preparing documents... done
writing output... [  7%] authors
writing output... [ 15%] contributing
writing output... [ 23%] history
writing output... [ 30%] index
writing output... [ 38%] installation
writing output... [ 46%] ivy
writing output... [ 53%] ivy.cli
writing output... [ 61%] ivy.config
writing output... [ 69%] ivy.exceptions
writing output... [ 76%] ivy.plugin
writing output... [ 84%] ivy.utils
writing output... [ 92%] modules
writing output... [100%] usage

generating indices... genindex py-modindex
highlighting module code... [  7%] ivy.cli.main
highlighting module code... [ 14%] ivy.context
highlighting module code... [ 21%] ivy.exceptions.exceptions
highlighting module code... [ 28%] ivy.loop
highlighting module code... [ 35%] ivy.utils.utils
highlighting module code... [ 42%] ivy.backend
highlighting module code... [ 50%] ivy
highlighting module code... [ 57%] ivy.plugin.base_plugin
highlighting module code... [ 64%] ivy.plugin.plugin_factory
highlighting module code... [ 71%] ivy.workflow_manager
highlighting module code... [ 78%] ivy.context_provider
highlighting module code... [ 85%] ivy.plugin.parallel_plugin_collection
highlighting module code... [ 92%] ivy.utils.stop_criteria
highlighting module code... [100%] ivy.utils.struct

writing additional pages... search
copying static files... done
copying extra files... done
dumping search index in English (code: en) ... done
dumping object inventory... done
build succeeded, 2 warnings.
</system-out><system-err>/Users/uweschmitt/Projects/ivy/docs/modules.rst: WARNING: document isn&apos;t included in any toctree
WARNING: html_static_path entry &apos;/Users/uweschmitt/Projects/ivy/docs/_static&apos; does not exist
</system-err></testcase></testsuite>