<?xml version="1.0" encoding="UTF-8"?>
<wl:page xmlns:dc="http://purl.org/dc/elements/1.1/" xmlns:wl="http://www.weblyzard.com/wl/2013#" dc:title="" wl:id="www.awp.ch/msg/20080619000464" dc:format="text/html" xml:lang="de" wl:nilsimsa="7b391a310692e94cb7610af05a988ae40cab2891719232f51d136e88e235334f" date="200806191115" teledata_id="16517">
   <wl:sentence wl:id="977acd8d8564bf63a471a58c83c237a9" wl:pos="ADV PDAT NN PTKZU VVINF $, VVFIN NN $. KON PPER VAFIN PIAT ADJA NN PPOSAT &quot; $, VVFIN NE $." wl:token="0,4 5,10 11,21 23,25 26,31 31,32 33,40 41,45 45,46 47,50 51,53 54,58 59,63 64,72 73,76 77,81 81,82 82,83 84,88 89,99 99,100"><![CDATA[aber diese Potenziale  zu heben, braucht Zeit; und es wird kein leichter Weg seinÂ», sagt Vekselberg.]]></wl:sentence>
</wl:page>
